<?xml version="1.0" encoding="UTF-8"?>
<!-- Generated by org.testng.reporters.JUnitReportReporter -->
<testsuite hostname="TPK" name="testcases.VerifyHomepage" tests="1" failures="0" timestamp="7 Aug 2017 18:17:30 GMT" time="21.696" errors="0">
  <testcase name="testhomepage" time="21.696" classname="testcases.VerifyHomepage"/>
</testsuite> <!-- testcases.VerifyHomepage -->
